<?xml version="1.0" encoding="UTF-8"?>
<!-- Generated by org.testng.reporters.JUnitXMLReporter -->
<testsuite ignored="0" hostname="DESKTOP-590DNVT" failures="0" tests="5" name="Test" time="35.557" errors="0" timestamp="2023-05-16T01:01:57 GST">
  <testcase classname="trustedShops.TestCases.ProfilePageTestCases" name="verifyCalculateSumOfStarRatingsPercentage" time="0.169"/>
  <testcase classname="trustedShops.TestCases.ProfilePageTestCases" name="verifyFilterAndVerifyTwoStarReviews" time="7.622"/>
  <testcase classname="trustedShops.TestCases.ProfilePageTestCases" name="verifyIsAdditionalInfoWindowRelevant" time="0.339"/>
  <testcase classname="trustedShops.TestCases.ProfilePageTestCases" name="verifyIsGradeVisibleAndAboveZero" time="0.106"/>
  <testcase classname="trustedShops.TestCases.ProfilePageTestCases" name="verifyTitleExistence" time="0.029"/>
</testsuite> <!-- Test -->
