<?xml version="1.0" encoding="UTF-8"?>
<!-- Generated by org.testng.reporters.JUnitXMLReporter -->
<testsuite ignored="4" hostname="DESKTOP-590DNVT" failures="0" tests="1" name="Default test" time="6.189" errors="0" timestamp="2023-05-16T00:54:11 GST">
  <testcase classname="trustedShops.TestCases.ProfilePageTestCases" name="verifyTitleExistence" time="0.029"/>
  <testcase classname="trustedShops.TestCases.ProfilePageTestCases" name="verifyIsAdditionalInfoWindowRelevant" time="0.0">
    <ignored/>
  </testcase> <!-- verifyIsAdditionalInfoWindowRelevant -->
  <testcase classname="trustedShops.TestCases.ProfilePageTestCases" name="verifyCalculateSumOfStarRatingsPercentage" time="0.0">
    <ignored/>
  </testcase> <!-- verifyCalculateSumOfStarRatingsPercentage -->
  <testcase classname="trustedShops.TestCases.ProfilePageTestCases" name="verifyIsGradeVisibleAndAboveZero" time="0.0">
    <ignored/>
  </testcase> <!-- verifyIsGradeVisibleAndAboveZero -->
  <testcase classname="trustedShops.TestCases.ProfilePageTestCases" name="verifyFilterAndVerifyTwoStarReviews" time="0.0">
    <ignored/>
  </testcase> <!-- verifyFilterAndVerifyTwoStarReviews -->
</testsuite> <!-- Default test -->
